{
  "RSpec": {
    "coverage": {
      "/Users/kathybui/turing/3-mod/final/sweater_weather/spec/facades/forecast_facade_spec.rb": {
        "lines": [
          1,
          null,
          1,
          1,
          1,
          1,
          null,
          null
        ]
      },
      "/Users/kathybui/turing/3-mod/final/sweater_weather/config/environment.rb": {
        "lines": [
          null,
          1,
          null,
          null,
          1
        ]
      },
      "/Users/kathybui/turing/3-mod/final/sweater_weather/config/application.rb": {
        "lines": [
          1,
          null,
          1,
          null,
          1,
          1,
          1,
          1,
          1,
          1,
          1,
          1,
          null,
          null,
          null,
          null,
          null,
          1,
          null,
          1,
          1,
          null,
          1,
          null,
          null,
          null,
          null,
          null,
          null,
          null,
          null,
          null,
          1,
          null,
          null
        ]
      },
      "/Users/kathybui/turing/3-mod/final/sweater_weather/config/boot.rb": {
        "lines": [
          1,
          null,
          1,
          1
        ]
      },
      "/Users/kathybui/turing/3-mod/final/sweater_weather/config/environments/test.rb": {
        "lines": [
          1,
          null,
          null,
          null,
          null,
          null,
          null,
          1,
          null,
          null,
          null,
          null,
          1,
          null,
          null,
          1,
          1,
          null,
          null,
          null,
          null,
          1,
          1,
          null,
          null,
          1,
          null,
          null,
          1,
          null,
          null,
          1,
          null,
          1,
          null,
          null,
          null,
          null,
          1,
          null,
          null,
          1,
          null,
          null,
          null,
          null
        ]
      },
      "/Users/kathybui/turing/3-mod/final/sweater_weather/config/initializers/application_controller_renderer.rb": {
        "lines": [
          null,
          null,
          null,
          null,
          null,
          null,
          null,
          null
        ]
      },
      "/Users/kathybui/turing/3-mod/final/sweater_weather/config/initializers/backtrace_silencers.rb": {
        "lines": [
          null,
          null,
          null,
          null,
          null,
          null,
          null
        ]
      },
      "/Users/kathybui/turing/3-mod/final/sweater_weather/config/initializers/cors.rb": {
        "lines": [
          null,
          null,
          null,
          null,
          null,
          null,
          null,
          null,
          null,
          null,
          null,
          null,
          null,
          null,
          null,
          null
        ]
      },
      "/Users/kathybui/turing/3-mod/final/sweater_weather/config/initializers/filter_parameter_logging.rb": {
        "lines": [
          null,
          null,
          null,
          1
        ]
      },
      "/Users/kathybui/turing/3-mod/final/sweater_weather/config/initializers/inflections.rb": {
        "lines": [
          null,
          null,
          null,
          null,
          null,
          null,
          null,
          null,
          null,
          null,
          null,
          null,
          null,
          null,
          null,
          null
        ]
      },
      "/Users/kathybui/turing/3-mod/final/sweater_weather/config/initializers/mime_types.rb": {
        "lines": [
          null,
          null,
          null,
          null
        ]
      },
      "/Users/kathybui/turing/3-mod/final/sweater_weather/config/initializers/wrap_parameters.rb": {
        "lines": [
          null,
          null,
          null,
          null,
          null,
          null,
          1,
          2,
          null,
          null,
          null,
          null,
          null,
          null
        ]
      },
      "/Users/kathybui/turing/3-mod/final/sweater_weather/spec/factories/users.rb": {
        "lines": [
          1,
          1,
          1,
          1,
          1,
          null,
          null
        ]
      },
      "/Users/kathybui/turing/3-mod/final/sweater_weather/config/routes.rb": {
        "lines": [
          1,
          1,
          1,
          1,
          1,
          1,
          1,
          1,
          null,
          null,
          null
        ]
      },
      "/Users/kathybui/turing/3-mod/final/sweater_weather/app/facades/forecast_facade.rb": {
        "lines": [
          1,
          null,
          1,
          1,
          2,
          2,
          2,
          null,
          null,
          1,
          2,
          null,
          null,
          null,
          null,
          null,
          2,
          null,
          null,
          1,
          null,
          1,
          28,
          null,
          null,
          1,
          28,
          null,
          null,
          1,
          2,
          14,
          null,
          null,
          null,
          null,
          null,
          null,
          null,
          null,
          14,
          null,
          null,
          null,
          1,
          2,
          16,
          null,
          null,
          null,
          null,
          16,
          null,
          null,
          null,
          1,
          2,
          null,
          null,
          null,
          null,
          null,
          null,
          null,
          null,
          null,
          null,
          null,
          null,
          null,
          2,
          null,
          null,
          1,
          2,
          null,
          null,
          null,
          null,
          2,
          null,
          null,
          1,
          28,
          null,
          null,
          1,
          62,
          null,
          null
        ]
      },
      "/Users/kathybui/turing/3-mod/final/sweater_weather/spec/facades/image_facade_spec.rb": {
        "lines": [
          1,
          null,
          1,
          1,
          1,
          1,
          null,
          null
        ]
      },
      "/Users/kathybui/turing/3-mod/final/sweater_weather/app/facades/image_facade.rb": {
        "lines": [
          1,
          null,
          1,
          2,
          null,
          null,
          1,
          2,
          null,
          null,
          null,
          null,
          2,
          null,
          null,
          1,
          null,
          1,
          4,
          null,
          null,
          1,
          2,
          null,
          null,
          null,
          null,
          null,
          null
        ]
      },
      "/Users/kathybui/turing/3-mod/final/sweater_weather/spec/facades/road_trip_facade_spec.rb": {
        "lines": [
          1,
          null,
          1,
          1,
          1,
          1,
          null,
          null
        ]
      },
      "/Users/kathybui/turing/3-mod/final/sweater_weather/app/facades/road_trip_facade.rb": {
        "lines": [
          1,
          1,
          null,
          1,
          3,
          3,
          3,
          3,
          null,
          null,
          1,
          3,
          null,
          null,
          null,
          null,
          null,
          null,
          3,
          null,
          null,
          1,
          null,
          1,
          3,
          null,
          null,
          1,
          50,
          null,
          null,
          1,
          null,
          3,
          38,
          null,
          3,
          null,
          null,
          1,
          41,
          null,
          null,
          1,
          3,
          null,
          null,
          1,
          6,
          null,
          null
        ]
      },
      "/Users/kathybui/turing/3-mod/final/sweater_weather/spec/models/user_spec.rb": {
        "lines": [
          1,
          null,
          1,
          1,
          2,
          2,
          2,
          2,
          null,
          null,
          1,
          1,
          1,
          1,
          null,
          null,
          null
        ]
      },
      "/Users/kathybui/turing/3-mod/final/sweater_weather/app/models/user.rb": {
        "lines": [
          1,
          1,
          1,
          1,
          1,
          null,
          1,
          1,
          null,
          1,
          7,
          null,
          null
        ]
      },
      "/Users/kathybui/turing/3-mod/final/sweater_weather/app/models/application_record.rb": {
        "lines": [
          1,
          1,
          null
        ]
      },
      "/Users/kathybui/turing/3-mod/final/sweater_weather/spec/poros/current_forcast_spec.rb": {
        "lines": [
          1,
          null,
          1,
          1,
          1,
          null,
          null,
          null,
          null,
          null,
          null,
          null,
          null,
          null,
          null,
          null,
          null,
          null,
          1,
          1,
          1,
          1,
          1,
          1,
          1,
          1,
          1,
          1,
          1,
          1,
          1,
          1,
          1,
          1,
          null,
          null
        ]
      },
      "/Users/kathybui/turing/3-mod/final/sweater_weather/app/poros/current_forecast.rb": {
        "lines": [
          1,
          1,
          null,
          1,
          null,
          null,
          null,
          null,
          null,
          null,
          null,
          null,
          null,
          null,
          null,
          null,
          null,
          null,
          null,
          1,
          5,
          5,
          5,
          5,
          5,
          5,
          5,
          5,
          5,
          5,
          5,
          5,
          5,
          5,
          5,
          null,
          null
        ]
      },
      "/Users/kathybui/turing/3-mod/final/sweater_weather/app/models/concerns/formattable.rb": {
        "lines": [
          1,
          1,
          null,
          1,
          41,
          null,
          null,
          1,
          51,
          null,
          null
        ]
      },
      "/Users/kathybui/turing/3-mod/final/sweater_weather/spec/poros/daily_forecast_spec.rb": {
        "lines": [
          1,
          null,
          1,
          1,
          1,
          null,
          null,
          null,
          null,
          null,
          null,
          null,
          null,
          1,
          1,
          1,
          1,
          1,
          1,
          1,
          1,
          1,
          null,
          null
        ]
      },
      "/Users/kathybui/turing/3-mod/final/sweater_weather/app/poros/daily_forecast.rb": {
        "lines": [
          1,
          1,
          null,
          1,
          null,
          null,
          null,
          null,
          null,
          null,
          null,
          null,
          1,
          17,
          17,
          17,
          17,
          17,
          17,
          17,
          17,
          null,
          null
        ]
      },
      "/Users/kathybui/turing/3-mod/final/sweater_weather/spec/poros/forcast_spec.rb": {
        "lines": [
          1,
          null,
          1,
          1,
          1,
          null,
          null,
          null,
          null,
          null,
          null,
          null,
          null,
          null,
          null,
          null,
          null,
          1,
          null,
          null,
          null,
          null,
          null,
          null,
          null,
          null,
          null,
          null,
          null,
          null,
          1,
          null,
          null,
          null,
          null,
          1,
          1,
          1,
          1,
          1,
          1,
          null,
          null,
          null,
          null,
          null,
          1,
          1,
          1,
          1,
          1,
          null,
          null
        ]
      },
      "/Users/kathybui/turing/3-mod/final/sweater_weather/app/poros/forecast.rb": {
        "lines": [
          1,
          1,
          null,
          null,
          null,
          null,
          1,
          4,
          4,
          4,
          4,
          null,
          null
        ]
      },
      "/Users/kathybui/turing/3-mod/final/sweater_weather/spec/poros/hourly_forecast_spec.rb": {
        "lines": [
          1,
          null,
          1,
          1,
          1,
          null,
          null,
          null,
          null,
          1,
          1,
          1,
          1,
          1,
          null,
          null
        ]
      },
      "/Users/kathybui/turing/3-mod/final/sweater_weather/app/poros/hourly_forecast.rb": {
        "lines": [
          1,
          1,
          null,
          1,
          null,
          null,
          null,
          null,
          1,
          19,
          19,
          19,
          19,
          null,
          null
        ]
      },
      "/Users/kathybui/turing/3-mod/final/sweater_weather/spec/poros/image_spec.rb": {
        "lines": [
          1,
          null,
          1,
          1,
          1,
          null,
          null,
          null,
          null,
          null,
          null,
          null,
          null,
          1,
          1,
          1,
          1,
          null,
          null
        ]
      },
      "/Users/kathybui/turing/3-mod/final/sweater_weather/app/poros/image.rb": {
        "lines": [
          1,
          1,
          null,
          null,
          null,
          null,
          1,
          4,
          4,
          4,
          null,
          null
        ]
      },
      "/Users/kathybui/turing/3-mod/final/sweater_weather/spec/poros/location_spec.rb": {
        "lines": [
          1,
          null,
          1,
          1,
          1,
          1,
          1,
          1,
          1,
          1,
          null,
          null
        ]
      },
      "/Users/kathybui/turing/3-mod/final/sweater_weather/app/poros/location.rb": {
        "lines": [
          1,
          1,
          null,
          null,
          null,
          null,
          1,
          5,
          5,
          5,
          5,
          null,
          null,
          1,
          6,
          null,
          null
        ]
      },
      "/Users/kathybui/turing/3-mod/final/sweater_weather/spec/poros/road_trip_forecast_spec.rb": {
        "lines": [
          1,
          null,
          1,
          1,
          1,
          null,
          null,
          null,
          1,
          1,
          1,
          null,
          null
        ]
      },
      "/Users/kathybui/turing/3-mod/final/sweater_weather/app/poros/road_trip_forecast.rb": {
        "lines": [
          1,
          1,
          null,
          1,
          4,
          4,
          null,
          null
        ]
      },
      "/Users/kathybui/turing/3-mod/final/sweater_weather/spec/poros/road_trip_spec.rb": {
        "lines": [
          1,
          null,
          1,
          1,
          1,
          null,
          null,
          null,
          null,
          null,
          null,
          1,
          1,
          1,
          1,
          1,
          1,
          null,
          null
        ]
      },
      "/Users/kathybui/turing/3-mod/final/sweater_weather/app/poros/road_trip.rb": {
        "lines": [
          1,
          1,
          null,
          1,
          4,
          4,
          4,
          4,
          4,
          null,
          null
        ]
      },
      "/Users/kathybui/turing/3-mod/final/sweater_weather/spec/requests/api/v1/background_spec.rb": {
        "lines": [
          1,
          null,
          1,
          1,
          1,
          null,
          null,
          1,
          null,
          null,
          null,
          null,
          1,
          null,
          1,
          null,
          1,
          1,
          null,
          1,
          1,
          1,
          1,
          1,
          1,
          1,
          1,
          1,
          1,
          1,
          null,
          null,
          1,
          1,
          null,
          null,
          1,
          null,
          null,
          null,
          null,
          1,
          null,
          1,
          null,
          1,
          1,
          null,
          null,
          1,
          1,
          null,
          null,
          null,
          null,
          1,
          null,
          1,
          null,
          1,
          1,
          null,
          null
        ]
      },
      "/Users/kathybui/turing/3-mod/final/sweater_weather/spec/requests/api/v1/forecast_spec.rb": {
        "lines": [
          1,
          null,
          1,
          1,
          1,
          null,
          null,
          1,
          null,
          null,
          null,
          null,
          1,
          null,
          1,
          null,
          1,
          1,
          null,
          1,
          1,
          1,
          1,
          1,
          1,
          1,
          1,
          1,
          null,
          1,
          1,
          4,
          null,
          null,
          1,
          1,
          13,
          null,
          null,
          0,
          0,
          0,
          null,
          null,
          0,
          0,
          0,
          null,
          null,
          null,
          1,
          1,
          null,
          null,
          1,
          null,
          null,
          null,
          null,
          1,
          null,
          1,
          null,
          1,
          1,
          null,
          null,
          1,
          1,
          null,
          null,
          null,
          null,
          1,
          null,
          1,
          null,
          1,
          1,
          null,
          null
        ]
      },
      "/Users/kathybui/turing/3-mod/final/sweater_weather/spec/requests/api/v1/login_spec.rb": {
        "lines": [
          1,
          null,
          1,
          1,
          1,
          3,
          null,
          1,
          1,
          null,
          null,
          null,
          null,
          1,
          1,
          null,
          null,
          null,
          1,
          null,
          null,
          null,
          null,
          1,
          null,
          1,
          null,
          1,
          1,
          1,
          1,
          null,
          null,
          1,
          1,
          null,
          null,
          null,
          1,
          null,
          null,
          null,
          null,
          1,
          null,
          1,
          null,
          1,
          1,
          1,
          null,
          null,
          1,
          1,
          null,
          null,
          null,
          null,
          1,
          1,
          null,
          null,
          null,
          1,
          null,
          null,
          null,
          null,
          1,
          null,
          1,
          null,
          1,
          1,
          1,
          null,
          null,
          null
        ]
      },
      "/Users/kathybui/turing/3-mod/final/sweater_weather/spec/requests/api/v1/road_trip_spec.rb": {
        "lines": [
          1,
          null,
          1,
          1,
          1,
          null,
          null,
          null,
          null,
          1,
          1,
          null,
          null,
          null,
          1,
          null,
          null,
          null,
          null,
          1,
          null,
          1,
          1,
          1,
          1,
          1,
          1,
          1,
          1,
          1,
          5,
          null,
          1,
          1,
          null,
          null,
          1,
          1,
          null,
          null,
          null,
          1,
          null,
          null,
          null,
          null,
          1,
          null,
          1,
          null,
          1,
          1,
          null,
          null
        ]
      },
      "/Users/kathybui/turing/3-mod/final/sweater_weather/spec/requests/api/v1/user_create_spec.rb": {
        "lines": [
          1,
          null,
          1,
          1,
          8,
          null,
          1,
          1,
          null,
          null,
          null,
          null,
          1,
          null,
          null,
          null,
          null,
          null,
          1,
          null,
          1,
          null,
          1,
          1,
          1,
          1,
          1,
          1,
          1,
          1,
          1,
          null,
          null,
          1,
          1,
          null,
          null,
          null,
          null,
          1,
          null,
          null,
          null,
          null,
          null,
          1,
          null,
          1,
          null,
          1,
          null,
          1,
          1,
          null,
          null,
          1,
          1,
          null,
          null,
          null,
          null,
          1,
          null,
          null,
          null,
          null,
          null,
          1,
          null,
          1,
          null,
          1,
          null,
          1,
          1,
          null,
          null,
          1,
          1,
          null,
          null,
          null,
          null,
          1,
          null,
          null,
          null,
          null,
          null,
          1,
          null,
          1,
          null,
          1,
          null,
          1,
          1,
          null,
          null,
          1,
          1,
          null,
          null,
          null,
          null,
          1,
          null,
          null,
          null,
          null,
          null,
          1,
          null,
          1,
          null,
          1,
          null,
          1,
          1,
          null,
          null,
          1,
          1,
          null,
          null,
          null,
          1,
          null,
          null,
          null,
          null,
          1,
          null,
          1,
          null,
          1,
          null,
          1,
          null,
          1,
          1,
          null,
          null,
          1,
          1,
          null,
          null,
          null,
          null,
          1,
          null,
          null,
          null,
          null,
          null,
          1,
          null,
          1,
          null,
          1,
          null,
          1,
          1,
          null,
          null,
          1,
          1,
          null,
          null,
          null,
          null,
          1,
          null,
          null,
          null,
          null,
          null,
          1,
          null,
          1,
          null,
          1,
          null,
          1,
          1,
          null,
          null
        ]
      },
      "/Users/kathybui/turing/3-mod/final/sweater_weather/spec/serializers/forecast_serializer_spec.rb": {
        "lines": [
          1,
          null,
          1,
          1,
          1,
          null,
          null,
          null,
          null,
          null,
          null,
          null,
          null,
          null,
          null,
          null,
          null,
          1,
          null,
          null,
          null,
          null,
          null,
          null,
          null,
          null,
          null,
          null,
          null,
          null,
          1,
          null,
          null,
          null,
          null,
          1,
          1,
          1,
          1,
          1,
          1,
          null,
          null,
          null,
          null,
          null,
          1,
          1,
          null,
          1,
          null,
          1,
          1,
          3,
          null,
          null,
          1,
          1,
          4,
          null,
          null,
          null
        ]
      },
      "/Users/kathybui/turing/3-mod/final/sweater_weather/app/serializers/forecast_serializer.rb": {
        "lines": [
          1,
          1,
          1,
          1,
          1,
          null
        ]
      },
      "/Users/kathybui/turing/3-mod/final/sweater_weather/spec/serializers/image_serializer_spec.rb": {
        "lines": [
          1,
          null,
          1,
          1,
          1,
          null,
          null,
          null,
          null,
          null,
          null,
          null,
          null,
          1,
          null,
          1,
          null,
          1,
          1,
          1,
          1,
          1,
          1,
          1,
          1,
          null,
          null
        ]
      },
      "/Users/kathybui/turing/3-mod/final/sweater_weather/app/serializers/image_serializer.rb": {
        "lines": [
          1,
          1,
          1,
          1,
          1,
          null
        ]
      },
      "/Users/kathybui/turing/3-mod/final/sweater_weather/spec/serializers/road_trip_serializer_spec.rb": {
        "lines": [
          1,
          null,
          1,
          1,
          1,
          1,
          null,
          1,
          1,
          1,
          1,
          1,
          1,
          5,
          null,
          null,
          null
        ]
      },
      "/Users/kathybui/turing/3-mod/final/sweater_weather/app/serializers/road_trip_serializer.rb": {
        "lines": [
          1,
          1,
          1,
          1,
          1,
          null
        ]
      },
      "/Users/kathybui/turing/3-mod/final/sweater_weather/spec/serializers/user_serializer_spec.rb": {
        "lines": [
          1,
          null,
          1,
          1,
          1,
          null,
          null,
          null,
          null,
          1,
          1,
          null,
          null,
          null,
          null,
          null,
          null,
          null,
          null,
          null,
          1,
          1,
          1,
          1,
          1,
          1,
          1,
          null,
          null
        ]
      },
      "/Users/kathybui/turing/3-mod/final/sweater_weather/app/serializers/user_serializer.rb": {
        "lines": [
          1,
          1,
          1,
          1,
          null
        ]
      },
      "/Users/kathybui/turing/3-mod/final/sweater_weather/spec/services/image_service_spec.rb": {
        "lines": [
          1,
          null,
          1,
          1,
          1,
          1,
          1,
          16,
          null,
          1,
          1,
          null,
          null
        ]
      },
      "/Users/kathybui/turing/3-mod/final/sweater_weather/spec/services/location_service_spec.rb": {
        "lines": [
          1,
          null,
          1,
          1,
          1,
          1,
          1,
          20,
          null,
          1,
          1,
          null,
          null
        ]
      },
      "/Users/kathybui/turing/3-mod/final/sweater_weather/spec/services/weather_service_spec.rb": {
        "lines": [
          1,
          null,
          1,
          1,
          1,
          1,
          1,
          1,
          null,
          1,
          1,
          14,
          null,
          1,
          1,
          12,
          null,
          1,
          12,
          null,
          null,
          null
        ]
      },
      "/Users/kathybui/turing/3-mod/final/sweater_weather/app/services/location_service.rb": {
        "lines": [
          1,
          1,
          69,
          69,
          null,
          69,
          null,
          null,
          1,
          44,
          44,
          44,
          null,
          44,
          null,
          null,
          1,
          1,
          113,
          113,
          null,
          null,
          null,
          1,
          113,
          null,
          null
        ]
      },
      "/Users/kathybui/turing/3-mod/final/sweater_weather/app/services/weather_service.rb": {
        "lines": [
          1,
          1,
          32,
          32,
          32,
          32,
          null,
          32,
          null,
          null,
          1,
          null,
          1,
          32,
          32,
          32,
          null,
          null,
          null,
          1,
          32,
          null,
          null
        ]
      },
      "/Users/kathybui/turing/3-mod/final/sweater_weather/app/services/image_service.rb": {
        "lines": [
          1,
          1,
          5,
          5,
          null,
          5,
          null,
          null,
          1,
          null,
          1,
          5,
          5,
          5,
          null,
          null,
          null,
          1,
          5,
          null,
          null
        ]
      },
      "/Users/kathybui/turing/3-mod/final/sweater_weather/app/controllers/api/v1/backgrounds_controller.rb": {
        "lines": [
          1,
          1,
          3,
          2,
          null,
          1,
          null,
          null,
          null,
          1,
          null,
          1,
          1,
          null,
          null
        ]
      },
      "/Users/kathybui/turing/3-mod/final/sweater_weather/app/controllers/application_controller.rb": {
        "lines": [
          1,
          null
        ]
      },
      "/Users/kathybui/turing/3-mod/final/sweater_weather/app/controllers/api/v1/forecast_controller.rb": {
        "lines": [
          1,
          1,
          3,
          2,
          null,
          1,
          null,
          null,
          null,
          1,
          null,
          1,
          1,
          null,
          null
        ]
      },
      "/Users/kathybui/turing/3-mod/final/sweater_weather/app/controllers/api/v1/sessions_controller.rb": {
        "lines": [
          1,
          1,
          3,
          3,
          1,
          2,
          1,
          null,
          1,
          null,
          null,
          null
        ]
      },
      "/Users/kathybui/turing/3-mod/final/sweater_weather/app/controllers/api/v1/road_trip_controller.rb": {
        "lines": [
          1,
          1,
          2,
          1,
          null,
          1,
          null,
          null,
          null,
          1,
          null,
          1,
          1,
          null,
          null
        ]
      },
      "/Users/kathybui/turing/3-mod/final/sweater_weather/app/controllers/api/v1/users_controller.rb": {
        "lines": [
          1,
          1,
          8,
          4,
          4,
          1,
          3,
          2,
          1,
          1,
          null,
          null,
          null,
          1,
          null,
          1,
          1,
          null,
          null
        ]
      }
    },
    "timestamp": 1600726395
  }
}
